<?xml version="1.0" encoding="UTF-8"?>
<coverage generated="1761749308444" clover="3.2.0">
  <project timestamp="1761749308444" name="All files">
    <metrics statements="26" coveredstatements="25" conditionals="4" coveredconditionals="4" methods="10" coveredmethods="9" elements="40" coveredelements="38" complexity="0" loc="26" ncloc="26" packages="1" files="3" classes="3"/>
    <file name="Blog.jsx" path="C:\Users\guido\Documents\DEV\blogs-front\src\components\Blog.jsx">
      <metrics statements="5" coveredstatements="4" conditionals="0" coveredconditionals="0" methods="3" coveredmethods="2"/>
      <line num="2" count="1" type="stmt"/>
      <line num="10" count="1" type="stmt"/>
      <line num="11" count="4" type="stmt"/>
      <line num="23" count="2" type="stmt"/>
      <line num="26" count="0" type="stmt"/>
    </file>
    <file name="BlogForm.jsx" path="C:\Users\guido\Documents\DEV\blogs-front\src\components\BlogForm.jsx">
      <metrics statements="12" coveredstatements="12" conditionals="0" coveredconditionals="0" methods="4" coveredmethods="4"/>
      <line num="4" count="1" type="stmt"/>
      <line num="5" count="32" type="stmt"/>
      <line num="7" count="32" type="stmt"/>
      <line num="13" count="32" type="stmt"/>
      <line num="14" count="30" type="stmt"/>
      <line num="15" count="30" type="stmt"/>
      <line num="18" count="32" type="stmt"/>
      <line num="19" count="1" type="stmt"/>
      <line num="20" count="1" type="stmt"/>
      <line num="21" count="1" type="stmt"/>
      <line num="22" count="1" type="stmt"/>
      <line num="29" count="32" type="stmt"/>
    </file>
    <file name="Togglable.jsx" path="C:\Users\guido\Documents\DEV\blogs-front\src\components\Togglable.jsx">
      <metrics statements="9" coveredstatements="9" conditionals="4" coveredconditionals="4" methods="3" coveredmethods="3"/>
      <line num="4" count="2" type="stmt"/>
      <line num="5" count="37" type="stmt"/>
      <line num="7" count="37" type="cond" truecount="2" falsecount="0"/>
      <line num="8" count="37" type="cond" truecount="2" falsecount="0"/>
      <line num="10" count="37" type="stmt"/>
      <line num="11" count="2" type="stmt"/>
      <line num="14" count="37" type="stmt"/>
      <line num="15" count="32" type="stmt"/>
      <line num="20" count="37" type="stmt"/>
    </file>
  </project>
</coverage>
