{"C:\\Users\\guido\\Documents\\DEV\\blogs-front\\src\\components\\Blog.jsx": {"path":"C:\\Users\\guido\\Documents\\DEV\\blogs-front\\src\\components\\Blog.jsx","statementMap":{"0":{"start":{"line":2,"column":18},"end":{"line":8,"column":null}},"1":{"start":{"line":10,"column":13},"end":{"line":30,"column":null}},"2":{"start":{"line":11,"column":4},"end":{"line":28,"column":null}},"3":{"start":{"line":23,"column":43},"end":{"line":23,"column":65}},"4":{"start":{"line":26,"column":39},"end":{"line":26,"column":60}}},"fnMap":{"0":{"name":"(anonymous_0)","decl":{"start":{"line":10,"column":13},"end":{"line":10,"column":14}},"loc":{"start":{"line":10,"column":52},"end":{"line":30,"column":null}},"line":10},"1":{"name":"(anonymous_1)","decl":{"start":{"line":23,"column":37},"end":{"line":23,"column":43}},"loc":{"start":{"line":23,"column":43},"end":{"line":23,"column":65}},"line":23},"2":{"name":"(anonymous_2)","decl":{"start":{"line":26,"column":33},"end":{"line":26,"column":39}},"loc":{"start":{"line":26,"column":39},"end":{"line":26,"column":60}},"line":26}},"branchMap":{},"s":{"0":1,"1":1,"2":4,"3":2,"4":0},"f":{"0":4,"1":2,"2":0},"b":{},"meta":{"lastBranch":0,"lastFunction":3,"lastStatement":5,"seen":{"s:2:18:8:Infinity":0,"s:10:13:30:Infinity":1,"f:10:13:10:14":0,"s:11:4:28:Infinity":2,"f:23:37:23:43":1,"s:23:43:23:65":3,"f:26:33:26:39":2,"s:26:39:26:60":4}}}
,"C:\\Users\\guido\\Documents\\DEV\\blogs-front\\src\\components\\BlogForm.jsx": {"path":"C:\\Users\\guido\\Documents\\DEV\\blogs-front\\src\\components\\BlogForm.jsx","statementMap":{"0":{"start":{"line":4,"column":17},"end":{"line":64,"column":null}},"1":{"start":{"line":5,"column":10},"end":{"line":5,"column":null}},"2":{"start":{"line":7,"column":38},"end":{"line":11,"column":null}},"3":{"start":{"line":13,"column":34},"end":{"line":16,"column":null}},"4":{"start":{"line":14,"column":32},"end":{"line":14,"column":null}},"5":{"start":{"line":15,"column":8},"end":{"line":15,"column":null}},"6":{"start":{"line":15,"column":39},"end":{"line":15,"column":71}},"7":{"start":{"line":18,"column":29},"end":{"line":27,"column":null}},"8":{"start":{"line":19,"column":8},"end":{"line":19,"column":null}},"9":{"start":{"line":20,"column":8},"end":{"line":20,"column":null}},"10":{"start":{"line":21,"column":8},"end":{"line":21,"column":null}},"11":{"start":{"line":22,"column":8},"end":{"line":26,"column":null}},"12":{"start":{"line":29,"column":4},"end":{"line":62,"column":null}}},"fnMap":{"0":{"name":"(anonymous_0)","decl":{"start":{"line":4,"column":17},"end":{"line":4,"column":18}},"loc":{"start":{"line":4,"column":37},"end":{"line":64,"column":null}},"line":4},"1":{"name":"(anonymous_1)","decl":{"start":{"line":13,"column":34},"end":{"line":13,"column":35}},"loc":{"start":{"line":13,"column":45},"end":{"line":16,"column":null}},"line":13},"2":{"name":"(anonymous_2)","decl":{"start":{"line":15,"column":23},"end":{"line":15,"column":24}},"loc":{"start":{"line":15,"column":39},"end":{"line":15,"column":71}},"line":15},"3":{"name":"(anonymous_3)","decl":{"start":{"line":18,"column":29},"end":{"line":18,"column":36}},"loc":{"start":{"line":18,"column":46},"end":{"line":27,"column":null}},"line":18}},"branchMap":{},"s":{"0":1,"1":32,"2":32,"3":32,"4":30,"5":30,"6":30,"7":32,"8":1,"9":1,"10":1,"11":1,"12":32},"f":{"0":32,"1":30,"2":30,"3":1},"b":{},"meta":{"lastBranch":0,"lastFunction":4,"lastStatement":13,"seen":{"s:4:17:64:Infinity":0,"f:4:17:4:18":0,"s:5:10:5:Infinity":1,"s:7:38:11:Infinity":2,"s:13:34:16:Infinity":3,"f:13:34:13:35":1,"s:14:32:14:Infinity":4,"s:15:8:15:Infinity":5,"f:15:23:15:24":2,"s:15:39:15:71":6,"s:18:29:27:Infinity":7,"f:18:29:18:36":3,"s:19:8:19:Infinity":8,"s:20:8:20:Infinity":9,"s:21:8:21:Infinity":10,"s:22:8:26:Infinity":11,"s:29:4:62:Infinity":12}}}
,"C:\\Users\\guido\\Documents\\DEV\\blogs-front\\src\\components\\Togglable.jsx": {"path":"C:\\Users\\guido\\Documents\\DEV\\blogs-front\\src\\components\\Togglable.jsx","statementMap":{"0":{"start":{"line":4,"column":6},"end":{"line":35,"column":null}},"1":{"start":{"line":5,"column":30},"end":{"line":5,"column":null}},"2":{"start":{"line":7,"column":28},"end":{"line":7,"column":null}},"3":{"start":{"line":8,"column":28},"end":{"line":8,"column":null}},"4":{"start":{"line":10,"column":29},"end":{"line":12,"column":null}},"5":{"start":{"line":11,"column":8},"end":{"line":11,"column":null}},"6":{"start":{"line":14,"column":4},"end":{"line":18,"column":null}},"7":{"start":{"line":15,"column":8},"end":{"line":17,"column":null}},"8":{"start":{"line":20,"column":4},"end":{"line":33,"column":null}}},"fnMap":{"0":{"name":"(anonymous_0)","decl":{"start":{"line":4,"column":29},"end":{"line":4,"column":30}},"loc":{"start":{"line":4,"column":46},"end":{"line":35,"column":1}},"line":4},"1":{"name":"(anonymous_1)","decl":{"start":{"line":10,"column":29},"end":{"line":10,"column":35}},"loc":{"start":{"line":10,"column":35},"end":{"line":12,"column":null}},"line":10},"2":{"name":"(anonymous_2)","decl":{"start":{"line":14,"column":30},"end":{"line":14,"column":36}},"loc":{"start":{"line":14,"column":36},"end":{"line":18,"column":5}},"line":14}},"branchMap":{"0":{"loc":{"start":{"line":7,"column":39},"end":{"line":7,"column":61}},"type":"cond-expr","locations":[{"start":{"line":7,"column":49},"end":{"line":7,"column":58}},{"start":{"line":7,"column":58},"end":{"line":7,"column":61}}],"line":7},"1":{"loc":{"start":{"line":8,"column":39},"end":{"line":8,"column":61}},"type":"cond-expr","locations":[{"start":{"line":8,"column":49},"end":{"line":8,"column":54}},{"start":{"line":8,"column":54},"end":{"line":8,"column":61}}],"line":8}},"s":{"0":2,"1":37,"2":37,"3":37,"4":37,"5":2,"6":37,"7":32,"8":37},"f":{"0":37,"1":2,"2":32},"b":{"0":[2,35],"1":[2,35]},"meta":{"lastBranch":2,"lastFunction":3,"lastStatement":9,"seen":{"s:4:6:35:Infinity":0,"f:4:29:4:30":0,"s:5:30:5:Infinity":1,"s:7:28:7:Infinity":2,"b:7:49:7:58:7:58:7:61":0,"s:8:28:8:Infinity":3,"b:8:49:8:54:8:54:8:61":1,"s:10:29:12:Infinity":4,"f:10:29:10:35":1,"s:11:8:11:Infinity":5,"s:14:4:18:Infinity":6,"f:14:30:14:36":2,"s:15:8:17:Infinity":7,"s:20:4:33:Infinity":8}}}
}
